<?xml version="1.0" encoding="UTF-8"?>
<coverage generated="1743499604385" clover="3.2.0">
  <project timestamp="1743499604385" name="All files">
    <metrics statements="62" coveredstatements="52" conditionals="52" coveredconditionals="38" methods="8" coveredmethods="5" elements="122" coveredelements="95" complexity="0" loc="62" ncloc="62" packages="1" files="2" classes="2"/>
    <file name="file-operations-mock.js" path="C:\research\windsurf-demo-1\CascadeProjects\windsurf-project\quick-oci-object-manager\tests\mocks\file-operations-mock.js">
      <metrics statements="57" coveredstatements="50" conditionals="52" coveredconditionals="38" methods="4" coveredmethods="4"/>
      <line num="6" count="1" type="stmt"/>
      <line num="14" count="55" type="cond" truecount="2" falsecount="0"/>
      <line num="17" count="52" type="stmt"/>
      <line num="19" count="52" type="stmt"/>
      <line num="30" count="6" type="stmt"/>
      <line num="33" count="6" type="stmt"/>
      <line num="36" count="6" type="stmt"/>
      <line num="37" count="6" type="stmt"/>
      <line num="40" count="6" type="cond" truecount="3" falsecount="1"/>
      <line num="41" count="6" type="stmt"/>
      <line num="43" count="48" type="cond" truecount="1" falsecount="1"/>
      <line num="46" count="48" type="cond" truecount="1" falsecount="1"/>
      <line num="47" count="0" type="stmt"/>
      <line num="51" count="48" type="cond" truecount="1" falsecount="1"/>
      <line num="52" count="0" type="stmt"/>
      <line num="56" count="48" type="cond" truecount="2" falsecount="0"/>
      <line num="57" count="6" type="stmt"/>
      <line num="61" count="42" type="cond" truecount="1" falsecount="1"/>
      <line num="62" count="42" type="stmt"/>
      <line num="65" count="42" type="cond" truecount="4" falsecount="0"/>
      <line num="66" count="6" type="stmt"/>
      <line num="70" count="36" type="cond" truecount="1" falsecount="1"/>
      <line num="73" count="36" type="cond" truecount="2" falsecount="0"/>
      <line num="74" count="12" type="cond" truecount="1" falsecount="1"/>
      <line num="75" count="12" type="cond" truecount="2" falsecount="0"/>
      <line num="76" count="7" type="stmt"/>
      <line num="81" count="29" type="stmt"/>
      <line num="82" count="29" type="cond" truecount="2" falsecount="0"/>
      <line num="83" count="5" type="stmt"/>
      <line num="84" count="5" type="cond" truecount="1" falsecount="1"/>
      <line num="85" count="5" type="stmt"/>
      <line num="87" count="5" type="cond" truecount="1" falsecount="1"/>
      <line num="88" count="5" type="stmt"/>
      <line num="94" count="29" type="cond" truecount="2" falsecount="0"/>
      <line num="95" count="2" type="stmt"/>
      <line num="99" count="27" type="stmt"/>
      <line num="100" count="27" type="cond" truecount="2" falsecount="0"/>
      <line num="102" count="20" type="stmt"/>
      <line num="103" count="20" type="stmt"/>
      <line num="104" count="7" type="cond" truecount="1" falsecount="1"/>
      <line num="106" count="0" type="stmt"/>
      <line num="107" count="0" type="stmt"/>
      <line num="111" count="7" type="stmt"/>
      <line num="122" count="6" type="stmt"/>
      <line num="136" count="1" type="stmt"/>
      <line num="138" count="1" type="stmt"/>
      <line num="140" count="1" type="cond" truecount="1" falsecount="1"/>
      <line num="141" count="0" type="stmt"/>
      <line num="145" count="1" type="stmt"/>
      <line num="147" count="1" type="cond" truecount="1" falsecount="1"/>
      <line num="148" count="0" type="stmt"/>
      <line num="151" count="1" type="stmt"/>
      <line num="154" count="1" type="cond" truecount="1" falsecount="1"/>
      <line num="155" count="1" type="stmt"/>
      <line num="158" count="1" type="cond" truecount="1" falsecount="1"/>
      <line num="160" count="0" type="stmt"/>
      <line num="164" count="1" type="stmt"/>
    </file>
    <file name="storage-mock.js" path="C:\research\windsurf-demo-1\CascadeProjects\windsurf-project\quick-oci-object-manager\tests\mocks\storage-mock.js">
      <metrics statements="5" coveredstatements="2" conditionals="0" coveredconditionals="0" methods="4" coveredmethods="1"/>
      <line num="10" count="1" type="stmt"/>
      <line num="19" count="0" type="stmt"/>
      <line num="27" count="0" type="stmt"/>
      <line num="36" count="0" type="stmt"/>
      <line num="39" count="1" type="stmt"/>
    </file>
  </project>
</coverage>
