{"C:\\research\\windsurf-demo-1\\CascadeProjects\\windsurf-project\\quick-oci-object-manager\\tests\\mocks\\file-operations-mock.js": {"path":"C:\\research\\windsurf-demo-1\\CascadeProjects\\windsurf-project\\quick-oci-object-manager\\tests\\mocks\\file-operations-mock.js","statementMap":{"0":{"start":{"line":6,"column":21},"end":{"line":6,"column":53}},"1":{"start":{"line":14,"column":2},"end":{"line":14,"column":30}},"2":{"start":{"line":14,"column":17},"end":{"line":14,"column":30}},"3":{"start":{"line":17,"column":23},"end":{"line":17,"column":48}},"4":{"start":{"line":19,"column":2},"end":{"line":19,"column":45}},"5":{"start":{"line":30,"column":18},"end":{"line":30,"column":27}},"6":{"start":{"line":33,"column":25},"end":{"line":33,"column":27}},"7":{"start":{"line":36,"column":26},"end":{"line":36,"column":63}},"8":{"start":{"line":37,"column":22},"end":{"line":37,"column":27}},"9":{"start":{"line":40,"column":2},"end":{"line":120,"column":3}},"10":{"start":{"line":41,"column":4},"end":{"line":119,"column":7}},"11":{"start":{"line":43,"column":19},"end":{"line":43,"column":36}},"12":{"start":{"line":46,"column":6},"end":{"line":48,"column":7}},"13":{"start":{"line":47,"column":8},"end":{"line":47,"column":15}},"14":{"start":{"line":51,"column":6},"end":{"line":53,"column":7}},"15":{"start":{"line":52,"column":8},"end":{"line":52,"column":15}},"16":{"start":{"line":56,"column":6},"end":{"line":58,"column":7}},"17":{"start":{"line":57,"column":8},"end":{"line":57,"column":15}},"18":{"start":{"line":61,"column":29},"end":{"line":61,"column":76}},"19":{"start":{"line":62,"column":24},"end":{"line":62,"column":59}},"20":{"start":{"line":65,"column":6},"end":{"line":67,"column":7}},"21":{"start":{"line":66,"column":8},"end":{"line":66,"column":15}},"22":{"start":{"line":70,"column":23},"end":{"line":70,"column":70}},"23":{"start":{"line":73,"column":6},"end":{"line":78,"column":7}},"24":{"start":{"line":74,"column":23},"end":{"line":74,"column":60}},"25":{"start":{"line":75,"column":8},"end":{"line":77,"column":9}},"26":{"start":{"line":76,"column":10},"end":{"line":76,"column":17}},"27":{"start":{"line":81,"column":25},"end":{"line":81,"column":33}},"28":{"start":{"line":82,"column":6},"end":{"line":91,"column":7}},"29":{"start":{"line":83,"column":23},"end":{"line":83,"column":40}},"30":{"start":{"line":84,"column":8},"end":{"line":90,"column":9}},"31":{"start":{"line":85,"column":10},"end":{"line":85,"column":59}},"32":{"start":{"line":87,"column":10},"end":{"line":89,"column":11}},"33":{"start":{"line":88,"column":12},"end":{"line":88,"column":53}},"34":{"start":{"line":94,"column":6},"end":{"line":96,"column":7}},"35":{"start":{"line":95,"column":8},"end":{"line":95,"column":15}},"36":{"start":{"line":99,"column":25},"end":{"line":99,"column":50}},"37":{"start":{"line":100,"column":6},"end":{"line":118,"column":7}},"38":{"start":{"line":102,"column":27},"end":{"line":102,"column":64}},"39":{"start":{"line":103,"column":8},"end":{"line":103,"column":38}},"40":{"start":{"line":104,"column":13},"end":{"line":118,"column":7}},"41":{"start":{"line":106,"column":27},"end":{"line":106,"column":77}},"42":{"start":{"line":107,"column":8},"end":{"line":107,"column":38}},"43":{"start":{"line":111,"column":8},"end":{"line":117,"column":11}},"44":{"start":{"line":122,"column":2},"end":{"line":126,"column":4}},"45":{"start":{"line":136,"column":2},"end":{"line":161,"column":3}},"46":{"start":{"line":138,"column":19},"end":{"line":138,"column":69}},"47":{"start":{"line":140,"column":4},"end":{"line":142,"column":5}},"48":{"start":{"line":141,"column":6},"end":{"line":141,"column":16}},"49":{"start":{"line":145,"column":21},"end":{"line":145,"column":60}},"50":{"start":{"line":147,"column":4},"end":{"line":149,"column":5}},"51":{"start":{"line":148,"column":6},"end":{"line":148,"column":64}},"52":{"start":{"line":151,"column":17},"end":{"line":151,"column":38}},"53":{"start":{"line":154,"column":4},"end":{"line":156,"column":5}},"54":{"start":{"line":155,"column":6},"end":{"line":155,"column":33}},"55":{"start":{"line":158,"column":4},"end":{"line":158,"column":30}},"56":{"start":{"line":160,"column":4},"end":{"line":160,"column":14}},"57":{"start":{"line":164,"column":0},"end":{"line":168,"column":2}}},"fnMap":{"0":{"name":"isSystemFile","decl":{"start":{"line":13,"column":9},"end":{"line":13,"column":21}},"loc":{"start":{"line":13,"column":32},"end":{"line":20,"column":1}},"line":13},"1":{"name":"processBucketContents","decl":{"start":{"line":28,"column":9},"end":{"line":28,"column":30}},"loc":{"start":{"line":28,"column":43},"end":{"line":127,"column":1}},"line":28},"2":{"name":"(anonymous_2)","decl":{"start":{"line":41,"column":25},"end":{"line":41,"column":26}},"loc":{"start":{"line":41,"column":35},"end":{"line":119,"column":5}},"line":41},"3":{"name":"loadBucketContents","decl":{"start":{"line":135,"column":15},"end":{"line":135,"column":33}},"loc":{"start":{"line":135,"column":56},"end":{"line":162,"column":1}},"line":135}},"branchMap":{"0":{"loc":{"start":{"line":14,"column":2},"end":{"line":14,"column":30}},"type":"if","locations":[{"start":{"line":14,"column":2},"end":{"line":14,"column":30}},{"start":{},"end":{}}],"line":14},"1":{"loc":{"start":{"line":40,"column":2},"end":{"line":120,"column":3}},"type":"if","locations":[{"start":{"line":40,"column":2},"end":{"line":120,"column":3}},{"start":{},"end":{}}],"line":40},"2":{"loc":{"start":{"line":40,"column":6},"end":{"line":40,"column":45}},"type":"binary-expr","locations":[{"start":{"line":40,"column":6},"end":{"line":40,"column":18}},{"start":{"line":40,"column":22},"end":{"line":40,"column":45}}],"line":40},"3":{"loc":{"start":{"line":43,"column":19},"end":{"line":43,"column":36}},"type":"binary-expr","locations":[{"start":{"line":43,"column":19},"end":{"line":43,"column":30}},{"start":{"line":43,"column":34},"end":{"line":43,"column":36}}],"line":43},"4":{"loc":{"start":{"line":46,"column":6},"end":{"line":48,"column":7}},"type":"if","locations":[{"start":{"line":46,"column":6},"end":{"line":48,"column":7}},{"start":{},"end":{}}],"line":46},"5":{"loc":{"start":{"line":51,"column":6},"end":{"line":53,"column":7}},"type":"if","locations":[{"start":{"line":51,"column":6},"end":{"line":53,"column":7}},{"start":{},"end":{}}],"line":51},"6":{"loc":{"start":{"line":56,"column":6},"end":{"line":58,"column":7}},"type":"if","locations":[{"start":{"line":56,"column":6},"end":{"line":58,"column":7}},{"start":{},"end":{}}],"line":56},"7":{"loc":{"start":{"line":61,"column":29},"end":{"line":61,"column":76}},"type":"cond-expr","locations":[{"start":{"line":61,"column":52},"end":{"line":61,"column":69}},{"start":{"line":61,"column":72},"end":{"line":61,"column":76}}],"line":61},"8":{"loc":{"start":{"line":65,"column":6},"end":{"line":67,"column":7}},"type":"if","locations":[{"start":{"line":65,"column":6},"end":{"line":67,"column":7}},{"start":{},"end":{}}],"line":65},"9":{"loc":{"start":{"line":65,"column":10},"end":{"line":65,"column":35}},"type":"binary-expr","locations":[{"start":{"line":65,"column":10},"end":{"line":65,"column":19}},{"start":{"line":65,"column":23},"end":{"line":65,"column":35}}],"line":65},"10":{"loc":{"start":{"line":70,"column":23},"end":{"line":70,"column":70}},"type":"cond-expr","locations":[{"start":{"line":70,"column":46},"end":{"line":70,"column":63}},{"start":{"line":70,"column":66},"end":{"line":70,"column":70}}],"line":70},"11":{"loc":{"start":{"line":73,"column":6},"end":{"line":78,"column":7}},"type":"if","locations":[{"start":{"line":73,"column":6},"end":{"line":78,"column":7}},{"start":{},"end":{}}],"line":73},"12":{"loc":{"start":{"line":74,"column":23},"end":{"line":74,"column":60}},"type":"cond-expr","locations":[{"start":{"line":74,"column":38},"end":{"line":74,"column":40}},{"start":{"line":74,"column":43},"end":{"line":74,"column":60}}],"line":74},"13":{"loc":{"start":{"line":75,"column":8},"end":{"line":77,"column":9}},"type":"if","locations":[{"start":{"line":75,"column":8},"end":{"line":77,"column":9}},{"start":{},"end":{}}],"line":75},"14":{"loc":{"start":{"line":82,"column":6},"end":{"line":91,"column":7}},"type":"if","locations":[{"start":{"line":82,"column":6},"end":{"line":91,"column":7}},{"start":{},"end":{}}],"line":82},"15":{"loc":{"start":{"line":84,"column":8},"end":{"line":90,"column":9}},"type":"if","locations":[{"start":{"line":84,"column":8},"end":{"line":90,"column":9}},{"start":{},"end":{}}],"line":84},"16":{"loc":{"start":{"line":87,"column":10},"end":{"line":89,"column":11}},"type":"if","locations":[{"start":{"line":87,"column":10},"end":{"line":89,"column":11}},{"start":{},"end":{}}],"line":87},"17":{"loc":{"start":{"line":94,"column":6},"end":{"line":96,"column":7}},"type":"if","locations":[{"start":{"line":94,"column":6},"end":{"line":96,"column":7}},{"start":{},"end":{}}],"line":94},"18":{"loc":{"start":{"line":100,"column":6},"end":{"line":118,"column":7}},"type":"if","locations":[{"start":{"line":100,"column":6},"end":{"line":118,"column":7}},{"start":{"line":104,"column":13},"end":{"line":118,"column":7}}],"line":100},"19":{"loc":{"start":{"line":104,"column":13},"end":{"line":118,"column":7}},"type":"if","locations":[{"start":{"line":104,"column":13},"end":{"line":118,"column":7}},{"start":{"line":108,"column":13},"end":{"line":118,"column":7}}],"line":104},"20":{"loc":{"start":{"line":125,"column":16},"end":{"line":125,"column":85}},"type":"cond-expr","locations":[{"start":{"line":125,"column":31},"end":{"line":125,"column":78}},{"start":{"line":125,"column":81},"end":{"line":125,"column":85}}],"line":125},"21":{"loc":{"start":{"line":125,"column":31},"end":{"line":125,"column":78}},"type":"binary-expr","locations":[{"start":{"line":125,"column":31},"end":{"line":125,"column":71}},{"start":{"line":125,"column":75},"end":{"line":125,"column":78}}],"line":125},"22":{"loc":{"start":{"line":140,"column":4},"end":{"line":142,"column":5}},"type":"if","locations":[{"start":{"line":140,"column":4},"end":{"line":142,"column":5}},{"start":{},"end":{}}],"line":140},"23":{"loc":{"start":{"line":147,"column":4},"end":{"line":149,"column":5}},"type":"if","locations":[{"start":{"line":147,"column":4},"end":{"line":149,"column":5}},{"start":{},"end":{}}],"line":147},"24":{"loc":{"start":{"line":154,"column":4},"end":{"line":156,"column":5}},"type":"if","locations":[{"start":{"line":154,"column":4},"end":{"line":156,"column":5}},{"start":{},"end":{}}],"line":154},"25":{"loc":{"start":{"line":158,"column":11},"end":{"line":158,"column":29}},"type":"binary-expr","locations":[{"start":{"line":158,"column":11},"end":{"line":158,"column":23}},{"start":{"line":158,"column":27},"end":{"line":158,"column":29}}],"line":158}},"s":{"0":1,"1":55,"2":3,"3":52,"4":52,"5":6,"6":6,"7":6,"8":6,"9":6,"10":6,"11":48,"12":48,"13":0,"14":48,"15":0,"16":48,"17":6,"18":42,"19":42,"20":42,"21":6,"22":36,"23":36,"24":12,"25":12,"26":7,"27":29,"28":29,"29":5,"30":5,"31":5,"32":5,"33":5,"34":29,"35":2,"36":27,"37":27,"38":20,"39":20,"40":7,"41":0,"42":0,"43":7,"44":6,"45":1,"46":1,"47":1,"48":0,"49":1,"50":1,"51":0,"52":1,"53":1,"54":1,"55":1,"56":0,"57":1},"f":{"0":55,"1":6,"2":48,"3":1},"b":{"0":[3,52],"1":[6,0],"2":[6,6],"3":[48,0],"4":[0,48],"5":[0,48],"6":[6,42],"7":[0,42],"8":[6,36],"9":[42,6],"10":[0,36],"11":[12,24],"12":[0,12],"13":[7,5],"14":[5,24],"15":[5,0],"16":[5,0],"17":[2,27],"18":[20,7],"19":[0,7],"20":[2,4],"21":[2,2],"22":[0,1],"23":[0,1],"24":[1,0],"25":[1,0]},"inputSourceMap":null,"_coverageSchema":"1a1c01bbd47fc00a2c39e90264f33305004495a9","hash":"2eb081ba2b0b85de341e192f53057baf20b1db9e"}
,"C:\\research\\windsurf-demo-1\\CascadeProjects\\windsurf-project\\quick-oci-object-manager\\tests\\mocks\\storage-mock.js": {"path":"C:\\research\\windsurf-demo-1\\CascadeProjects\\windsurf-project\\quick-oci-object-manager\\tests\\mocks\\storage-mock.js","statementMap":{"0":{"start":{"line":10,"column":2},"end":{"line":10,"column":56}},"1":{"start":{"line":19,"column":2},"end":{"line":19,"column":27}},"2":{"start":{"line":27,"column":2},"end":{"line":27,"column":30}},"3":{"start":{"line":36,"column":2},"end":{"line":36,"column":27}},"4":{"start":{"line":39,"column":0},"end":{"line":44,"column":2}}},"fnMap":{"0":{"name":"getParUrl","decl":{"start":{"line":9,"column":9},"end":{"line":9,"column":18}},"loc":{"start":{"line":9,"column":21},"end":{"line":11,"column":1}},"line":9},"1":{"name":"setParUrl","decl":{"start":{"line":18,"column":9},"end":{"line":18,"column":18}},"loc":{"start":{"line":18,"column":27},"end":{"line":20,"column":1}},"line":18},"2":{"name":"getCurrentFolder","decl":{"start":{"line":26,"column":9},"end":{"line":26,"column":25}},"loc":{"start":{"line":26,"column":28},"end":{"line":28,"column":1}},"line":26},"3":{"name":"setCurrentFolder","decl":{"start":{"line":35,"column":9},"end":{"line":35,"column":25}},"loc":{"start":{"line":35,"column":34},"end":{"line":37,"column":1}},"line":35}},"branchMap":{},"s":{"0":1,"1":0,"2":0,"3":0,"4":1},"f":{"0":1,"1":0,"2":0,"3":0},"b":{},"inputSourceMap":null,"_coverageSchema":"1a1c01bbd47fc00a2c39e90264f33305004495a9","hash":"0cea0e2f27308562e2974c240a542f25dbbf3c05"}
}
