TN:
SF:mocks\file-operations-mock.js
FN:13,isSystemFile
FN:28,processBucketContents
FN:41,(anonymous_2)
FN:135,loadBucketContents
FNF:4
FNH:4
FNDA:55,isSystemFile
FNDA:6,processBucketContents
FNDA:48,(anonymous_2)
FNDA:1,loadBucketContents
DA:6,1
DA:14,55
DA:17,52
DA:19,52
DA:30,6
DA:33,6
DA:36,6
DA:37,6
DA:40,6
DA:41,6
DA:43,48
DA:46,48
DA:47,0
DA:51,48
DA:52,0
DA:56,48
DA:57,6
DA:61,42
DA:62,42
DA:65,42
DA:66,6
DA:70,36
DA:73,36
DA:74,12
DA:75,12
DA:76,7
DA:81,29
DA:82,29
DA:83,5
DA:84,5
DA:85,5
DA:87,5
DA:88,5
DA:94,29
DA:95,2
DA:99,27
DA:100,27
DA:102,20
DA:103,20
DA:104,7
DA:106,0
DA:107,0
DA:111,7
DA:122,6
DA:136,1
DA:138,1
DA:140,1
DA:141,0
DA:145,1
DA:147,1
DA:148,0
DA:151,1
DA:154,1
DA:155,1
DA:158,1
DA:160,0
DA:164,1
LF:57
LH:50
BRDA:14,0,0,3
BRDA:14,0,1,52
BRDA:40,1,0,6
BRDA:40,1,1,0
BRDA:40,2,0,6
BRDA:40,2,1,6
BRDA:43,3,0,48
BRDA:43,3,1,0
BRDA:46,4,0,0
BRDA:46,4,1,48
BRDA:51,5,0,0
BRDA:51,5,1,48
BRDA:56,6,0,6
BRDA:56,6,1,42
BRDA:61,7,0,0
BRDA:61,7,1,42
BRDA:65,8,0,6
BRDA:65,8,1,36
BRDA:65,9,0,42
BRDA:65,9,1,6
BRDA:70,10,0,0
BRDA:70,10,1,36
BRDA:73,11,0,12
BRDA:73,11,1,24
BRDA:74,12,0,0
BRDA:74,12,1,12
BRDA:75,13,0,7
BRDA:75,13,1,5
BRDA:82,14,0,5
BRDA:82,14,1,24
BRDA:84,15,0,5
BRDA:84,15,1,0
BRDA:87,16,0,5
BRDA:87,16,1,0
BRDA:94,17,0,2
BRDA:94,17,1,27
BRDA:100,18,0,20
BRDA:100,18,1,7
BRDA:104,19,0,0
BRDA:104,19,1,7
BRDA:125,20,0,2
BRDA:125,20,1,4
BRDA:125,21,0,2
BRDA:125,21,1,2
BRDA:140,22,0,0
BRDA:140,22,1,1
BRDA:147,23,0,0
BRDA:147,23,1,1
BRDA:154,24,0,1
BRDA:154,24,1,0
BRDA:158,25,0,1
BRDA:158,25,1,0
BRF:52
BRH:38
end_of_record
TN:
SF:mocks\storage-mock.js
FN:9,getParUrl
FN:18,setParUrl
FN:26,getCurrentFolder
FN:35,setCurrentFolder
FNF:4
FNH:1
FNDA:1,getParUrl
FNDA:0,setParUrl
FNDA:0,getCurrentFolder
FNDA:0,setCurrentFolder
DA:10,1
DA:19,0
DA:27,0
DA:36,0
DA:39,1
LF:5
LH:2
BRF:0
BRH:0
end_of_record
